<?xml version="1.0" encoding="UTF-8" ?>
<testsuite failures="0" time="1.965" errors="3" skipped="0" tests="3" name="com.service.test.JpaTest">
  <properties>
[...]
</properties>
  <testcase time="1.956" classname="com.service.test.JpaTest" name="deletePerson">
    <error message="
Internal Exception: com.mysql.jdbc.exceptions.jdbc4.MySQLSyntaxErrorException: Table &apos;spring.person&apos; doesn&apos;t exist
Error Code: 1146
Call: SELECT ID, FAMILYID, LASTNAME, NONSENSEFIELD, FIRSTNAME, familyid FROM PERSON
Query: ReadAllQuery(referenceClass=Person sql=&quot;SELECT ID, FAMILYID, LASTNAME, NONSENSEFIELD, FIRSTNAME, familyid FROM PERSON&quot;)" type="Local Exception Stack">Local Exception Stack: 
Exception [EclipseLink-4002] (Eclipse Persistence Services - 2.0.0.v20091127-r5931): org.eclipse.persistence.exceptions.DatabaseException
Internal Exception: com.mysql.jdbc.exceptions.jdbc4.MySQLSyntaxErrorException: Table &apos;spring.person&apos; doesn&apos;t exist
Error Code: 1146
Call: SELECT ID, FAMILYID, LASTNAME, NONSENSEFIELD, FIRSTNAME, familyid FROM PERSON
Query: ReadAllQuery(referenceClass=Person sql=&quot;SELECT ID, FAMILYID, LASTNAME, NONSENSEFIELD, FIRSTNAME, familyid FROM PERSON&quot;)
	at org.eclipse.persistence.exceptions.DatabaseException.sqlException(DatabaseException.java:333)
	at org.eclipse.persistence.internal.databaseaccess.DatabaseAccessor.basicExecuteCall(DatabaseAccessor.java:686)
	at org.eclipse.persistence.internal.databaseaccess.DatabaseAccessor.executeCall(DatabaseAccessor.java:529)
	at org.eclipse.persistence.sessions.server.ServerSession.executeCall(ServerSession.java:529)
	at org.eclipse.persistence.internal.queries.DatasourceCallQueryMechanism.executeCall(DatasourceCallQueryMechanism.java:205)
	at org.eclipse.persistence.internal.queries.DatasourceCallQueryMechanism.executeCall(DatasourceCallQueryMechanism.java:191)
	at org.eclipse.persistence.internal.queries.DatasourceCallQueryMechanism.executeSelectCall(DatasourceCallQueryMechanism.java:262)
	at org.eclipse.persistence.internal.queries.DatasourceCallQueryMechanism.selectAllRows(DatasourceCallQueryMechanism.java:618)
	at org.eclipse.persistence.internal.queries.ExpressionQueryMechanism.selectAllRowsFromTable(ExpressionQueryMechanism.java:2537)
	at org.eclipse.persistence.internal.queries.ExpressionQueryMechanism.selectAllRows(ExpressionQueryMechanism.java:2496)
	at org.eclipse.persistence.queries.ReadAllQuery.executeObjectLevelReadQuery(ReadAllQuery.java:455)
	at org.eclipse.persistence.queries.ObjectLevelReadQuery.executeDatabaseQuery(ObjectLevelReadQuery.java:997)
	at org.eclipse.persistence.queries.DatabaseQuery.execute(DatabaseQuery.java:675)
	at org.eclipse.persistence.queries.ObjectLevelReadQuery.execute(ObjectLevelReadQuery.java:958)
	at org.eclipse.persistence.queries.ReadAllQuery.execute(ReadAllQuery.java:432)
	at org.eclipse.persistence.queries.ObjectLevelReadQuery.executeInUnitOfWork(ObjectLevelReadQuery.java:1021)
	at org.eclipse.persistence.internal.sessions.UnitOfWorkImpl.internalExecuteQuery(UnitOfWorkImpl.java:2863)
	at org.eclipse.persistence.internal.sessions.AbstractSession.executeQuery(AbstractSession.java:1225)
	at org.eclipse.persistence.internal.sessions.AbstractSession.executeQuery(AbstractSession.java:1207)
	at org.eclipse.persistence.internal.sessions.AbstractSession.executeQuery(AbstractSession.java:1181)
	at org.eclipse.persistence.internal.jpa.EJBQueryImpl.executeReadQuery(EJBQueryImpl.java:453)
	at org.eclipse.persistence.internal.jpa.EJBQueryImpl.getResultList(EJBQueryImpl.java:669)
	at com.service.test.JpaTest.setUp(JpaTest.java:36)
	at sun.reflect.NativeMethodAccessorImpl.invoke0(Native Method)
	at sun.reflect.NativeMethodAccessorImpl.invoke(Unknown Source)
	at sun.reflect.DelegatingMethodAccessorImpl.invoke(Unknown Source)
	at java.lang.reflect.Method.invoke(Unknown Source)
	at org.junit.runners.model.FrameworkMethod$1.runReflectiveCall(FrameworkMethod.java:47)
	at org.junit.internal.runners.model.ReflectiveCallable.run(ReflectiveCallable.java:12)
	at org.junit.runners.model.FrameworkMethod.invokeExplosively(FrameworkMethod.java:44)
	at org.junit.internal.runners.statements.RunBefores.evaluate(RunBefores.java:24)
	at org.junit.runners.ParentRunner.runLeaf(ParentRunner.java:271)
	at org.junit.runners.BlockJUnit4ClassRunner.runChild(BlockJUnit4ClassRunner.java:70)
	at org.junit.runners.BlockJUnit4ClassRunner.runChild(BlockJUnit4ClassRunner.java:50)
	at org.junit.runners.ParentRunner$3.run(ParentRunner.java:238)
	at org.junit.runners.ParentRunner$1.schedule(ParentRunner.java:63)
	at org.junit.runners.ParentRunner.runChildren(ParentRunner.java:236)
	at org.junit.runners.ParentRunner.access$000(ParentRunner.java:53)
	at org.junit.runners.ParentRunner$2.evaluate(ParentRunner.java:229)
	at org.junit.runners.ParentRunner.run(ParentRunner.java:309)
	at org.apache.maven.surefire.junit4.JUnit4TestSet.execute(JUnit4TestSet.java:53)
	at org.apache.maven.surefire.junit4.JUnit4Provider.executeTestSet(JUnit4Provider.java:123)
	at org.apache.maven.surefire.junit4.JUnit4Provider.invoke(JUnit4Provider.java:104)
	at sun.reflect.NativeMethodAccessorImpl.invoke0(Native Method)
	at sun.reflect.NativeMethodAccessorImpl.invoke(Unknown Source)
	at sun.reflect.DelegatingMethodAccessorImpl.invoke(Unknown Source)
	at java.lang.reflect.Method.invoke(Unknown Source)
	at org.apache.maven.surefire.util.ReflectionUtils.invokeMethodWithArray(ReflectionUtils.java:164)
	at org.apache.maven.surefire.booter.ProviderFactory$ProviderProxy.invoke(ProviderFactory.java:110)
	at org.apache.maven.surefire.booter.SurefireStarter.invokeProvider(SurefireStarter.java:175)
	at org.apache.maven.surefire.booter.SurefireStarter.runSuitesInProcessWhenForked(SurefireStarter.java:107)
	at org.apache.maven.surefire.booter.ForkedBooter.main(ForkedBooter.java:68)
Caused by: com.mysql.jdbc.exceptions.jdbc4.MySQLSyntaxErrorException: Table &apos;spring.person&apos; doesn&apos;t exist
	at sun.reflect.NativeConstructorAccessorImpl.newInstance0(Native Method)
	at sun.reflect.NativeConstructorAccessorImpl.newInstance(Unknown Source)
	at sun.reflect.DelegatingConstructorAccessorImpl.newInstance(Unknown Source)
	at java.lang.reflect.Constructor.newInstance(Unknown Source)
	at com.mysql.jdbc.Util.handleNewInstance(Util.java:411)
	at com.mysql.jdbc.Util.getInstance(Util.java:386)
	at com.mysql.jdbc.SQLError.createSQLException(SQLError.java:1053)
	at com.mysql.jdbc.MysqlIO.checkErrorPacket(MysqlIO.java:4096)
	at com.mysql.jdbc.MysqlIO.checkErrorPacket(MysqlIO.java:4028)
	at com.mysql.jdbc.MysqlIO.sendCommand(MysqlIO.java:2490)
	at com.mysql.jdbc.MysqlIO.sqlQueryDirect(MysqlIO.java:2651)
	at com.mysql.jdbc.ConnectionImpl.execSQL(ConnectionImpl.java:2734)
	at com.mysql.jdbc.PreparedStatement.executeInternal(PreparedStatement.java:2155)
	at com.mysql.jdbc.PreparedStatement.executeQuery(PreparedStatement.java:2322)
	at org.eclipse.persistence.internal.databaseaccess.DatabaseAccessor.executeSelect(DatabaseAccessor.java:891)
	at org.eclipse.persistence.internal.databaseaccess.DatabaseAccessor.basicExecuteCall(DatabaseAccessor.java:601)
	... 50 more
</error>
    <system-out>[EL Config]: 2013-01-01 21:47:50.013--ServerSession(1481799259)--Thread(Thread[main,5,main])--The access type for the persistent class [class com.service.domain.Family] is set to [FIELD].
[EL Config]: 2013-01-01 21:47:50.076--ServerSession(1481799259)--Thread(Thread[main,5,main])--The target entity (reference) class for the one to many mapping element [field members] is being defaulted to: class com.service.domain.Person.
[EL Config]: 2013-01-01 21:47:50.077--ServerSession(1481799259)--Thread(Thread[main,5,main])--The access type for the persistent class [class com.service.domain.Person] is set to [FIELD].
[EL Config]: 2013-01-01 21:47:50.083--ServerSession(1481799259)--Thread(Thread[main,5,main])--The target entity (reference) class for the many to one mapping element [field family] is being defaulted to: class com.service.domain.Family.
[EL Config]: 2013-01-01 21:47:50.083--ServerSession(1481799259)--Thread(Thread[main,5,main])--The element [field jobList] is being defaulted to a one to many mapping.
[EL Config]: 2013-01-01 21:47:50.084--ServerSession(1481799259)--Thread(Thread[main,5,main])--The target entity (reference) class for the one to many mapping element [field jobList] is being defaulted to: class com.service.domain.Job.
[EL Config]: 2013-01-01 21:47:50.085--ServerSession(1481799259)--Thread(Thread[main,5,main])--The access type for the persistent class [class com.service.domain.Job] is set to [FIELD].
[EL Config]: 2013-01-01 21:47:50.085--ServerSession(1481799259)--Thread(Thread[main,5,main])--The access type for the persistent class [class com.service.domain.Employee] is set to [FIELD].
[EL Config]: 2013-01-01 21:47:50.086--ServerSession(1481799259)--Thread(Thread[main,5,main])--The alias name for the entity class [class com.service.domain.Family] is being defaulted to: Family.
[EL Config]: 2013-01-01 21:47:50.089--ServerSession(1481799259)--Thread(Thread[main,5,main])--The table name for entity [class com.service.domain.Family] is being defaulted to: FAMILY.
[EL Config]: 2013-01-01 21:47:50.112--ServerSession(1481799259)--Thread(Thread[main,5,main])--The column name for element [field familyid] is being defaulted to: FAMILYID.
[EL Config]: 2013-01-01 21:47:50.114--ServerSession(1481799259)--Thread(Thread[main,5,main])--The column name for element [field description] is being defaulted to: DESCRIPTION.
[EL Config]: 2013-01-01 21:47:50.115--ServerSession(1481799259)--Thread(Thread[main,5,main])--The alias name for the entity class [class com.service.domain.Person] is being defaulted to: Person.
[EL Config]: 2013-01-01 21:47:50.115--ServerSession(1481799259)--Thread(Thread[main,5,main])--The table name for entity [class com.service.domain.Person] is being defaulted to: PERSON.
[EL Config]: 2013-01-01 21:47:50.116--ServerSession(1481799259)--Thread(Thread[main,5,main])--The column name for element [field id] is being defaulted to: ID.
[EL Config]: 2013-01-01 21:47:50.116--ServerSession(1481799259)--Thread(Thread[main,5,main])--The column name for element [field familyid] is being defaulted to: FAMILYID.
[EL Config]: 2013-01-01 21:47:50.117--ServerSession(1481799259)--Thread(Thread[main,5,main])--The column name for element [field lastName] is being defaulted to: LASTNAME.
[EL Config]: 2013-01-01 21:47:50.117--ServerSession(1481799259)--Thread(Thread[main,5,main])--The column name for element [field nonsenseField] is being defaulted to: NONSENSEFIELD.
[EL Config]: 2013-01-01 21:47:50.117--ServerSession(1481799259)--Thread(Thread[main,5,main])--The column name for element [field firstName] is being defaulted to: FIRSTNAME.
[EL Config]: 2013-01-01 21:47:50.118--ServerSession(1481799259)--Thread(Thread[main,5,main])--The alias name for the entity class [class com.service.domain.Job] is being defaulted to: Job.
[EL Config]: 2013-01-01 21:47:50.118--ServerSession(1481799259)--Thread(Thread[main,5,main])--The table name for entity [class com.service.domain.Job] is being defaulted to: JOB.
[EL Config]: 2013-01-01 21:47:50.118--ServerSession(1481799259)--Thread(Thread[main,5,main])--The column name for element [field id] is being defaulted to: ID.
[EL Config]: 2013-01-01 21:47:50.119--ServerSession(1481799259)--Thread(Thread[main,5,main])--The column name for element [field salery] is being defaulted to: SALERY.
[EL Config]: 2013-01-01 21:47:50.119--ServerSession(1481799259)--Thread(Thread[main,5,main])--The column name for element [field jobDescr] is being defaulted to: JOBDESCR.
[EL Config]: 2013-01-01 21:47:50.119--ServerSession(1481799259)--Thread(Thread[main,5,main])--The alias name for the entity class [class com.service.domain.Employee] is being defaulted to: Employee.
[EL Config]: 2013-01-01 21:47:50.119--ServerSession(1481799259)--Thread(Thread[main,5,main])--The table name for entity [class com.service.domain.Employee] is being defaulted to: EMPLOYEE.
[EL Config]: 2013-01-01 21:47:50.122--ServerSession(1481799259)--Thread(Thread[main,5,main])--The column name for element [field surname] is being defaulted to: SURNAME.
[EL Config]: 2013-01-01 21:47:50.123--ServerSession(1481799259)--Thread(Thread[main,5,main])--The column name for element [field Id] is being defaulted to: ID.
[EL Config]: 2013-01-01 21:47:50.123--ServerSession(1481799259)--Thread(Thread[main,5,main])--The column name for element [field salary] is being defaulted to: SALARY.
[EL Config]: 2013-01-01 21:47:50.123--ServerSession(1481799259)--Thread(Thread[main,5,main])--The column name for element [field firstName] is being defaulted to: FIRSTNAME.
[EL Config]: 2013-01-01 21:47:50.189--ServerSession(1481799259)--Thread(Thread[main,5,main])--The join table name for the many to many mapping [field jobList] is being defaulted to: PERSON_JOB.
[EL Config]: 2013-01-01 21:47:50.19--ServerSession(1481799259)--Thread(Thread[main,5,main])--The source primary key column name for the many to many mapping [field jobList] is being defaulted to: ID.
[EL Config]: 2013-01-01 21:47:50.19--ServerSession(1481799259)--Thread(Thread[main,5,main])--The source foreign key column name for the many to many mapping [field jobList] is being defaulted to: Person_ID.
[EL Config]: 2013-01-01 21:47:50.191--ServerSession(1481799259)--Thread(Thread[main,5,main])--The target primary key column name for the many to many mapping [field jobList] is being defaulted to: ID.
[EL Config]: 2013-01-01 21:47:50.191--ServerSession(1481799259)--Thread(Thread[main,5,main])--The target foreign key column name for the many to many mapping [field jobList] is being defaulted to: jobList_ID.
[EL Info]: 2013-01-01 21:47:50.738--ServerSession(1481799259)--Thread(Thread[main,5,main])--EclipseLink, version: Eclipse Persistence Services - 2.0.0.v20091127-r5931
[EL Fine]: 2013-01-01 21:47:50.985--Thread(Thread[main,5,main])--Detected Vendor platform: org.eclipse.persistence.platform.database.MySQLPlatform
[EL Config]: 2013-01-01 21:47:51.003--ServerSession(1481799259)--Connection(209141991)--Thread(Thread[main,5,main])--connecting(DatabaseLogin(
	platform=&gt;MySQLPlatform
	user name=&gt; &quot;root&quot;
	datasource URL=&gt; &quot;jdbc:mysql://localhost:3306/spring&quot;
))
[EL Config]: 2013-01-01 21:47:51.023--ServerSession(1481799259)--Connection(1708995599)--Thread(Thread[main,5,main])--Connected: jdbc:mysql://localhost:3306/spring
	User: root@localhost
	Database: MySQL  Version: 5.5.16
	Driver: MySQL-AB JDBC Driver  Version: mysql-connector-java-5.1.22 ( Revision: ${bzr.revision-id} )
[EL Config]: 2013-01-01 21:47:51.024--ServerSession(1481799259)--Connection(495253768)--Thread(Thread[main,5,main])--connecting(DatabaseLogin(
	platform=&gt;MySQLPlatform
	user name=&gt; &quot;root&quot;
	datasource URL=&gt; &quot;jdbc:mysql://localhost:3306/spring&quot;
))
[EL Config]: 2013-01-01 21:47:51.042--ServerSession(1481799259)--Connection(1244336576)--Thread(Thread[main,5,main])--Connected: jdbc:mysql://localhost:3306/spring
	User: root@localhost
	Database: MySQL  Version: 5.5.16
	Driver: MySQL-AB JDBC Driver  Version: mysql-connector-java-5.1.22 ( Revision: ${bzr.revision-id} )
[EL Info]: 2013-01-01 21:47:51.113--ServerSession(1481799259)--Thread(Thread[main,5,main])--file:/C:/Users/h/git/j2eeJPA/j2eeJPA/target/classes/_j2eeJPA login successful
[EL Fine]: 2013-01-01 21:47:51.136--ServerSession(1481799259)--Connection(1244336576)--Thread(Thread[main,5,main])--CREATE TABLE FAMILY (FAMILYID INTEGER NOT NULL, DESCRIPTION VARCHAR(255), PRIMARY KEY (FAMILYID))
[EL Fine]: 2013-01-01 21:47:51.161--ServerSession(1481799259)--Connection(1244336576)--Thread(Thread[main,5,main])--CREATE TABLE EMPLOYEE (ID INTEGER NOT NULL, SURNAME VARCHAR(255), SALARY INTEGER, FIRSTNAME VARCHAR(255), PRIMARY KEY (ID))
[EL Fine]: 2013-01-01 21:47:51.164--ServerSession(1481799259)--Thread(Thread[main,5,main])--SELECT 1
[EL Warning]: 2013-01-01 21:47:51.166--ServerSession(1481799259)--Thread(Thread[main,5,main])--Exception [EclipseLink-4002] (Eclipse Persistence Services - 2.0.0.v20091127-r5931): org.eclipse.persistence.exceptions.DatabaseException
Internal Exception: com.mysql.jdbc.exceptions.jdbc4.MySQLSyntaxErrorException: Table &apos;employee&apos; already exists
Error Code: 1050
Call: CREATE TABLE EMPLOYEE (ID INTEGER NOT NULL, SURNAME VARCHAR(255), SALARY INTEGER, FIRSTNAME VARCHAR(255), PRIMARY KEY (ID))
Query: DataModifyQuery(sql=&quot;CREATE TABLE EMPLOYEE (ID INTEGER NOT NULL, SURNAME VARCHAR(255), SALARY INTEGER, FIRSTNAME VARCHAR(255), PRIMARY KEY (ID))&quot;)
[EL Fine]: 2013-01-01 21:47:51.17--ServerSession(1481799259)--Connection(1244336576)--Thread(Thread[main,5,main])--CREATE TABLE PERSON (ID VARCHAR(255) NOT NULL, FAMILYID INTEGER, LASTNAME VARCHAR(255), NONSENSEFIELD VARCHAR(255), FIRSTNAME VARCHAR(255), familyid VARCHAR(255), PRIMARY KEY (ID))
[EL Fine]: 2013-01-01 21:47:51.172--ServerSession(1481799259)--Thread(Thread[main,5,main])--SELECT 1
[EL Warning]: 2013-01-01 21:47:51.173--ServerSession(1481799259)--Thread(Thread[main,5,main])--Exception [EclipseLink-4002] (Eclipse Persistence Services - 2.0.0.v20091127-r5931): org.eclipse.persistence.exceptions.DatabaseException
Internal Exception: com.mysql.jdbc.exceptions.jdbc4.MySQLSyntaxErrorException: Duplicate column name &apos;familyid&apos;
Error Code: 1060
Call: CREATE TABLE PERSON (ID VARCHAR(255) NOT NULL, FAMILYID INTEGER, LASTNAME VARCHAR(255), NONSENSEFIELD VARCHAR(255), FIRSTNAME VARCHAR(255), familyid VARCHAR(255), PRIMARY KEY (ID))
Query: DataModifyQuery(sql=&quot;CREATE TABLE PERSON (ID VARCHAR(255) NOT NULL, FAMILYID INTEGER, LASTNAME VARCHAR(255), NONSENSEFIELD VARCHAR(255), FIRSTNAME VARCHAR(255), familyid VARCHAR(255), PRIMARY KEY (ID))&quot;)
[EL Fine]: 2013-01-01 21:47:51.174--ServerSession(1481799259)--Connection(1244336576)--Thread(Thread[main,5,main])--CREATE TABLE PERSON_JOB (Person_ID VARCHAR(255) NOT NULL, jobList_ID INTEGER NOT NULL, PRIMARY KEY (Person_ID, jobList_ID))
[EL Fine]: 2013-01-01 21:47:51.187--ServerSession(1481799259)--Connection(1244336576)--Thread(Thread[main,5,main])--CREATE TABLE JOB (ID INTEGER NOT NULL, SALERY DOUBLE, JOBDESCR VARCHAR(255), PRIMARY KEY (ID))
[EL Fine]: 2013-01-01 21:47:51.196--ServerSession(1481799259)--Connection(1244336576)--Thread(Thread[main,5,main])--ALTER TABLE PERSON ADD CONSTRAINT FK_PERSON_familyid FOREIGN KEY (familyid) REFERENCES FAMILY (familyid)
[EL Fine]: 2013-01-01 21:47:51.198--ServerSession(1481799259)--Thread(Thread[main,5,main])--SELECT 1
[EL Warning]: 2013-01-01 21:47:51.199--ServerSession(1481799259)--Thread(Thread[main,5,main])--Exception [EclipseLink-4002] (Eclipse Persistence Services - 2.0.0.v20091127-r5931): org.eclipse.persistence.exceptions.DatabaseException
Internal Exception: com.mysql.jdbc.exceptions.jdbc4.MySQLSyntaxErrorException: Table &apos;spring.person&apos; doesn&apos;t exist
Error Code: 1146
Call: ALTER TABLE PERSON ADD CONSTRAINT FK_PERSON_familyid FOREIGN KEY (familyid) REFERENCES FAMILY (familyid)
Query: DataModifyQuery(sql=&quot;ALTER TABLE PERSON ADD CONSTRAINT FK_PERSON_familyid FOREIGN KEY (familyid) REFERENCES FAMILY (familyid)&quot;)
[EL Fine]: 2013-01-01 21:47:51.2--ServerSession(1481799259)--Connection(1244336576)--Thread(Thread[main,5,main])--ALTER TABLE PERSON_JOB ADD CONSTRAINT FK_PERSON_JOB_jobList_ID FOREIGN KEY (jobList_ID) REFERENCES JOB (ID)
[EL Fine]: 2013-01-01 21:47:51.26--ServerSession(1481799259)--Connection(1244336576)--Thread(Thread[main,5,main])--ALTER TABLE PERSON_JOB ADD CONSTRAINT FK_PERSON_JOB_Person_ID FOREIGN KEY (Person_ID) REFERENCES PERSON (ID)
[EL Fine]: 2013-01-01 21:47:51.268--ServerSession(1481799259)--Thread(Thread[main,5,main])--SELECT 1
[EL Warning]: 2013-01-01 21:47:51.269--ServerSession(1481799259)--Thread(Thread[main,5,main])--Exception [EclipseLink-4002] (Eclipse Persistence Services - 2.0.0.v20091127-r5931): org.eclipse.persistence.exceptions.DatabaseException
Internal Exception: java.sql.SQLException: Can&apos;t create table &apos;spring.#sql-4a8_5f&apos; (errno: 150)
Error Code: 1005
Call: ALTER TABLE PERSON_JOB ADD CONSTRAINT FK_PERSON_JOB_Person_ID FOREIGN KEY (Person_ID) REFERENCES PERSON (ID)
Query: DataModifyQuery(sql=&quot;ALTER TABLE PERSON_JOB ADD CONSTRAINT FK_PERSON_JOB_Person_ID FOREIGN KEY (Person_ID) REFERENCES PERSON (ID)&quot;)
[EL Fine]: 2013-01-01 21:47:51.272--ServerSession(1481799259)--Connection(1244336576)--Thread(Thread[main,5,main])--CREATE TABLE SEQUENCE (SEQ_NAME VARCHAR(50) NOT NULL, SEQ_COUNT DECIMAL(38), PRIMARY KEY (SEQ_NAME))
[EL Fine]: 2013-01-01 21:47:51.273--ServerSession(1481799259)--Thread(Thread[main,5,main])--SELECT 1
[EL Warning]: 2013-01-01 21:47:51.276--ServerSession(1481799259)--Thread(Thread[main,5,main])--Exception [EclipseLink-4002] (Eclipse Persistence Services - 2.0.0.v20091127-r5931): org.eclipse.persistence.exceptions.DatabaseException
Internal Exception: com.mysql.jdbc.exceptions.jdbc4.MySQLSyntaxErrorException: Table &apos;sequence&apos; already exists
Error Code: 1050
Call: CREATE TABLE SEQUENCE (SEQ_NAME VARCHAR(50) NOT NULL, SEQ_COUNT DECIMAL(38), PRIMARY KEY (SEQ_NAME))
Query: DataModifyQuery(sql=&quot;CREATE TABLE SEQUENCE (SEQ_NAME VARCHAR(50) NOT NULL, SEQ_COUNT DECIMAL(38), PRIMARY KEY (SEQ_NAME))&quot;)
[EL Fine]: 2013-01-01 21:47:51.277--ServerSession(1481799259)--Connection(1244336576)--Thread(Thread[main,5,main])--SELECT * FROM SEQUENCE WHERE SEQ_NAME = SEQ_GEN_TABLE
[EL Fine]: 2013-01-01 21:47:51.281--ServerSession(1481799259)--Connection(1244336576)--Thread(Thread[main,5,main])--SELECT * FROM SEQUENCE WHERE SEQ_NAME = SEQ_GEN
[EL Fine]: 2013-01-01 21:47:51.577--ServerSession(1481799259)--Connection(1244336576)--Thread(Thread[main,5,main])--SELECT ID, FAMILYID, LASTNAME, NONSENSEFIELD, FIRSTNAME, familyid FROM PERSON
[EL Fine]: 2013-01-01 21:47:51.578--ServerSession(1481799259)--Thread(Thread[main,5,main])--SELECT 1
[EL Warning]: 2013-01-01 21:47:51.579--UnitOfWork(977347968)--Thread(Thread[main,5,main])--Exception [EclipseLink-4002] (Eclipse Persistence Services - 2.0.0.v20091127-r5931): org.eclipse.persistence.exceptions.DatabaseException
Internal Exception: com.mysql.jdbc.exceptions.jdbc4.MySQLSyntaxErrorException: Table &apos;spring.person&apos; doesn&apos;t exist
Error Code: 1146
Call: SELECT ID, FAMILYID, LASTNAME, NONSENSEFIELD, FIRSTNAME, familyid FROM PERSON
Query: ReadAllQuery(referenceClass=Person sql=&quot;SELECT ID, FAMILYID, LASTNAME, NONSENSEFIELD, FIRSTNAME, familyid FROM PERSON&quot;)
</system-out>
  </testcase>
  <testcase time="0.003" classname="com.service.test.JpaTest" name="checkAvailablePeople">
    <error message="
Internal Exception: com.mysql.jdbc.exceptions.jdbc4.MySQLSyntaxErrorException: Table &apos;spring.person&apos; doesn&apos;t exist
Error Code: 1146
Call: SELECT ID, FAMILYID, LASTNAME, NONSENSEFIELD, FIRSTNAME, familyid FROM PERSON
Query: ReadAllQuery(referenceClass=Person sql=&quot;SELECT ID, FAMILYID, LASTNAME, NONSENSEFIELD, FIRSTNAME, familyid FROM PERSON&quot;)" type="Local Exception Stack">Local Exception Stack: 
Exception [EclipseLink-4002] (Eclipse Persistence Services - 2.0.0.v20091127-r5931): org.eclipse.persistence.exceptions.DatabaseException
Internal Exception: com.mysql.jdbc.exceptions.jdbc4.MySQLSyntaxErrorException: Table &apos;spring.person&apos; doesn&apos;t exist
Error Code: 1146
Call: SELECT ID, FAMILYID, LASTNAME, NONSENSEFIELD, FIRSTNAME, familyid FROM PERSON
Query: ReadAllQuery(referenceClass=Person sql=&quot;SELECT ID, FAMILYID, LASTNAME, NONSENSEFIELD, FIRSTNAME, familyid FROM PERSON&quot;)
	at org.eclipse.persistence.exceptions.DatabaseException.sqlException(DatabaseException.java:333)
	at org.eclipse.persistence.internal.databaseaccess.DatabaseAccessor.basicExecuteCall(DatabaseAccessor.java:686)
	at org.eclipse.persistence.internal.databaseaccess.DatabaseAccessor.executeCall(DatabaseAccessor.java:529)
	at org.eclipse.persistence.sessions.server.ServerSession.executeCall(ServerSession.java:529)
	at org.eclipse.persistence.internal.queries.DatasourceCallQueryMechanism.executeCall(DatasourceCallQueryMechanism.java:205)
	at org.eclipse.persistence.internal.queries.DatasourceCallQueryMechanism.executeCall(DatasourceCallQueryMechanism.java:191)
	at org.eclipse.persistence.internal.queries.DatasourceCallQueryMechanism.executeSelectCall(DatasourceCallQueryMechanism.java:262)
	at org.eclipse.persistence.internal.queries.DatasourceCallQueryMechanism.selectAllRows(DatasourceCallQueryMechanism.java:618)
	at org.eclipse.persistence.internal.queries.ExpressionQueryMechanism.selectAllRowsFromTable(ExpressionQueryMechanism.java:2537)
	at org.eclipse.persistence.internal.queries.ExpressionQueryMechanism.selectAllRows(ExpressionQueryMechanism.java:2496)
	at org.eclipse.persistence.queries.ReadAllQuery.executeObjectLevelReadQuery(ReadAllQuery.java:455)
	at org.eclipse.persistence.queries.ObjectLevelReadQuery.executeDatabaseQuery(ObjectLevelReadQuery.java:997)
	at org.eclipse.persistence.queries.DatabaseQuery.execute(DatabaseQuery.java:675)
	at org.eclipse.persistence.queries.ObjectLevelReadQuery.execute(ObjectLevelReadQuery.java:958)
	at org.eclipse.persistence.queries.ReadAllQuery.execute(ReadAllQuery.java:432)
	at org.eclipse.persistence.queries.ObjectLevelReadQuery.executeInUnitOfWork(ObjectLevelReadQuery.java:1021)
	at org.eclipse.persistence.internal.sessions.UnitOfWorkImpl.internalExecuteQuery(UnitOfWorkImpl.java:2863)
	at org.eclipse.persistence.internal.sessions.AbstractSession.executeQuery(AbstractSession.java:1225)
	at org.eclipse.persistence.internal.sessions.AbstractSession.executeQuery(AbstractSession.java:1207)
	at org.eclipse.persistence.internal.sessions.AbstractSession.executeQuery(AbstractSession.java:1181)
	at org.eclipse.persistence.internal.jpa.EJBQueryImpl.executeReadQuery(EJBQueryImpl.java:453)
	at org.eclipse.persistence.internal.jpa.EJBQueryImpl.getResultList(EJBQueryImpl.java:669)
	at com.service.test.JpaTest.setUp(JpaTest.java:36)
	at sun.reflect.NativeMethodAccessorImpl.invoke0(Native Method)
	at sun.reflect.NativeMethodAccessorImpl.invoke(Unknown Source)
	at sun.reflect.DelegatingMethodAccessorImpl.invoke(Unknown Source)
	at java.lang.reflect.Method.invoke(Unknown Source)
	at org.junit.runners.model.FrameworkMethod$1.runReflectiveCall(FrameworkMethod.java:47)
	at org.junit.internal.runners.model.ReflectiveCallable.run(ReflectiveCallable.java:12)
	at org.junit.runners.model.FrameworkMethod.invokeExplosively(FrameworkMethod.java:44)
	at org.junit.internal.runners.statements.RunBefores.evaluate(RunBefores.java:24)
	at org.junit.runners.ParentRunner.runLeaf(ParentRunner.java:271)
	at org.junit.runners.BlockJUnit4ClassRunner.runChild(BlockJUnit4ClassRunner.java:70)
	at org.junit.runners.BlockJUnit4ClassRunner.runChild(BlockJUnit4ClassRunner.java:50)
	at org.junit.runners.ParentRunner$3.run(ParentRunner.java:238)
	at org.junit.runners.ParentRunner$1.schedule(ParentRunner.java:63)
	at org.junit.runners.ParentRunner.runChildren(ParentRunner.java:236)
	at org.junit.runners.ParentRunner.access$000(ParentRunner.java:53)
	at org.junit.runners.ParentRunner$2.evaluate(ParentRunner.java:229)
	at org.junit.runners.ParentRunner.run(ParentRunner.java:309)
	at org.apache.maven.surefire.junit4.JUnit4TestSet.execute(JUnit4TestSet.java:53)
	at org.apache.maven.surefire.junit4.JUnit4Provider.executeTestSet(JUnit4Provider.java:123)
	at org.apache.maven.surefire.junit4.JUnit4Provider.invoke(JUnit4Provider.java:104)
	at sun.reflect.NativeMethodAccessorImpl.invoke0(Native Method)
	at sun.reflect.NativeMethodAccessorImpl.invoke(Unknown Source)
	at sun.reflect.DelegatingMethodAccessorImpl.invoke(Unknown Source)
	at java.lang.reflect.Method.invoke(Unknown Source)
	at org.apache.maven.surefire.util.ReflectionUtils.invokeMethodWithArray(ReflectionUtils.java:164)
	at org.apache.maven.surefire.booter.ProviderFactory$ProviderProxy.invoke(ProviderFactory.java:110)
	at org.apache.maven.surefire.booter.SurefireStarter.invokeProvider(SurefireStarter.java:175)
	at org.apache.maven.surefire.booter.SurefireStarter.runSuitesInProcessWhenForked(SurefireStarter.java:107)
	at org.apache.maven.surefire.booter.ForkedBooter.main(ForkedBooter.java:68)
Caused by: com.mysql.jdbc.exceptions.jdbc4.MySQLSyntaxErrorException: Table &apos;spring.person&apos; doesn&apos;t exist
	at sun.reflect.NativeConstructorAccessorImpl.newInstance0(Native Method)
	at sun.reflect.NativeConstructorAccessorImpl.newInstance(Unknown Source)
	at sun.reflect.DelegatingConstructorAccessorImpl.newInstance(Unknown Source)
	at java.lang.reflect.Constructor.newInstance(Unknown Source)
	at com.mysql.jdbc.Util.handleNewInstance(Util.java:411)
	at com.mysql.jdbc.Util.getInstance(Util.java:386)
	at com.mysql.jdbc.SQLError.createSQLException(SQLError.java:1053)
	at com.mysql.jdbc.MysqlIO.checkErrorPacket(MysqlIO.java:4096)
	at com.mysql.jdbc.MysqlIO.checkErrorPacket(MysqlIO.java:4028)
	at com.mysql.jdbc.MysqlIO.sendCommand(MysqlIO.java:2490)
	at com.mysql.jdbc.MysqlIO.sqlQueryDirect(MysqlIO.java:2651)
	at com.mysql.jdbc.ConnectionImpl.execSQL(ConnectionImpl.java:2734)
	at com.mysql.jdbc.PreparedStatement.executeInternal(PreparedStatement.java:2155)
	at com.mysql.jdbc.PreparedStatement.executeQuery(PreparedStatement.java:2322)
	at org.eclipse.persistence.internal.databaseaccess.DatabaseAccessor.executeSelect(DatabaseAccessor.java:891)
	at org.eclipse.persistence.internal.databaseaccess.DatabaseAccessor.basicExecuteCall(DatabaseAccessor.java:601)
	... 50 more
</error>
    <system-out>[EL Fine]: 2013-01-01 21:47:51.591--ServerSession(1481799259)--Connection(1244336576)--Thread(Thread[main,5,main])--SELECT ID, FAMILYID, LASTNAME, NONSENSEFIELD, FIRSTNAME, familyid FROM PERSON
[EL Fine]: 2013-01-01 21:47:51.592--ServerSession(1481799259)--Thread(Thread[main,5,main])--SELECT 1
[EL Warning]: 2013-01-01 21:47:51.593--UnitOfWork(1948068085)--Thread(Thread[main,5,main])--Exception [EclipseLink-4002] (Eclipse Persistence Services - 2.0.0.v20091127-r5931): org.eclipse.persistence.exceptions.DatabaseException
Internal Exception: com.mysql.jdbc.exceptions.jdbc4.MySQLSyntaxErrorException: Table &apos;spring.person&apos; doesn&apos;t exist
Error Code: 1146
Call: SELECT ID, FAMILYID, LASTNAME, NONSENSEFIELD, FIRSTNAME, familyid FROM PERSON
Query: ReadAllQuery(referenceClass=Person sql=&quot;SELECT ID, FAMILYID, LASTNAME, NONSENSEFIELD, FIRSTNAME, familyid FROM PERSON&quot;)
</system-out>
  </testcase>
  <testcase time="0.002" classname="com.service.test.JpaTest" name="checkFamily">
    <error message="
Internal Exception: com.mysql.jdbc.exceptions.jdbc4.MySQLSyntaxErrorException: Table &apos;spring.person&apos; doesn&apos;t exist
Error Code: 1146
Call: SELECT ID, FAMILYID, LASTNAME, NONSENSEFIELD, FIRSTNAME, familyid FROM PERSON
Query: ReadAllQuery(referenceClass=Person sql=&quot;SELECT ID, FAMILYID, LASTNAME, NONSENSEFIELD, FIRSTNAME, familyid FROM PERSON&quot;)" type="Local Exception Stack">Local Exception Stack: 
Exception [EclipseLink-4002] (Eclipse Persistence Services - 2.0.0.v20091127-r5931): org.eclipse.persistence.exceptions.DatabaseException
Internal Exception: com.mysql.jdbc.exceptions.jdbc4.MySQLSyntaxErrorException: Table &apos;spring.person&apos; doesn&apos;t exist
Error Code: 1146
Call: SELECT ID, FAMILYID, LASTNAME, NONSENSEFIELD, FIRSTNAME, familyid FROM PERSON
Query: ReadAllQuery(referenceClass=Person sql=&quot;SELECT ID, FAMILYID, LASTNAME, NONSENSEFIELD, FIRSTNAME, familyid FROM PERSON&quot;)
	at org.eclipse.persistence.exceptions.DatabaseException.sqlException(DatabaseException.java:333)
	at org.eclipse.persistence.internal.databaseaccess.DatabaseAccessor.basicExecuteCall(DatabaseAccessor.java:686)
	at org.eclipse.persistence.internal.databaseaccess.DatabaseAccessor.executeCall(DatabaseAccessor.java:529)
	at org.eclipse.persistence.sessions.server.ServerSession.executeCall(ServerSession.java:529)
	at org.eclipse.persistence.internal.queries.DatasourceCallQueryMechanism.executeCall(DatasourceCallQueryMechanism.java:205)
	at org.eclipse.persistence.internal.queries.DatasourceCallQueryMechanism.executeCall(DatasourceCallQueryMechanism.java:191)
	at org.eclipse.persistence.internal.queries.DatasourceCallQueryMechanism.executeSelectCall(DatasourceCallQueryMechanism.java:262)
	at org.eclipse.persistence.internal.queries.DatasourceCallQueryMechanism.selectAllRows(DatasourceCallQueryMechanism.java:618)
	at org.eclipse.persistence.internal.queries.ExpressionQueryMechanism.selectAllRowsFromTable(ExpressionQueryMechanism.java:2537)
	at org.eclipse.persistence.internal.queries.ExpressionQueryMechanism.selectAllRows(ExpressionQueryMechanism.java:2496)
	at org.eclipse.persistence.queries.ReadAllQuery.executeObjectLevelReadQuery(ReadAllQuery.java:455)
	at org.eclipse.persistence.queries.ObjectLevelReadQuery.executeDatabaseQuery(ObjectLevelReadQuery.java:997)
	at org.eclipse.persistence.queries.DatabaseQuery.execute(DatabaseQuery.java:675)
	at org.eclipse.persistence.queries.ObjectLevelReadQuery.execute(ObjectLevelReadQuery.java:958)
	at org.eclipse.persistence.queries.ReadAllQuery.execute(ReadAllQuery.java:432)
	at org.eclipse.persistence.queries.ObjectLevelReadQuery.executeInUnitOfWork(ObjectLevelReadQuery.java:1021)
	at org.eclipse.persistence.internal.sessions.UnitOfWorkImpl.internalExecuteQuery(UnitOfWorkImpl.java:2863)
	at org.eclipse.persistence.internal.sessions.AbstractSession.executeQuery(AbstractSession.java:1225)
	at org.eclipse.persistence.internal.sessions.AbstractSession.executeQuery(AbstractSession.java:1207)
	at org.eclipse.persistence.internal.sessions.AbstractSession.executeQuery(AbstractSession.java:1181)
	at org.eclipse.persistence.internal.jpa.EJBQueryImpl.executeReadQuery(EJBQueryImpl.java:453)
	at org.eclipse.persistence.internal.jpa.EJBQueryImpl.getResultList(EJBQueryImpl.java:669)
	at com.service.test.JpaTest.setUp(JpaTest.java:36)
	at sun.reflect.NativeMethodAccessorImpl.invoke0(Native Method)
	at sun.reflect.NativeMethodAccessorImpl.invoke(Unknown Source)
	at sun.reflect.DelegatingMethodAccessorImpl.invoke(Unknown Source)
	at java.lang.reflect.Method.invoke(Unknown Source)
	at org.junit.runners.model.FrameworkMethod$1.runReflectiveCall(FrameworkMethod.java:47)
	at org.junit.internal.runners.model.ReflectiveCallable.run(ReflectiveCallable.java:12)
	at org.junit.runners.model.FrameworkMethod.invokeExplosively(FrameworkMethod.java:44)
	at org.junit.internal.runners.statements.RunBefores.evaluate(RunBefores.java:24)
	at org.junit.runners.ParentRunner.runLeaf(ParentRunner.java:271)
	at org.junit.runners.BlockJUnit4ClassRunner.runChild(BlockJUnit4ClassRunner.java:70)
	at org.junit.runners.BlockJUnit4ClassRunner.runChild(BlockJUnit4ClassRunner.java:50)
	at org.junit.runners.ParentRunner$3.run(ParentRunner.java:238)
	at org.junit.runners.ParentRunner$1.schedule(ParentRunner.java:63)
	at org.junit.runners.ParentRunner.runChildren(ParentRunner.java:236)
	at org.junit.runners.ParentRunner.access$000(ParentRunner.java:53)
	at org.junit.runners.ParentRunner$2.evaluate(ParentRunner.java:229)
	at org.junit.runners.ParentRunner.run(ParentRunner.java:309)
	at org.apache.maven.surefire.junit4.JUnit4TestSet.execute(JUnit4TestSet.java:53)
	at org.apache.maven.surefire.junit4.JUnit4Provider.executeTestSet(JUnit4Provider.java:123)
	at org.apache.maven.surefire.junit4.JUnit4Provider.invoke(JUnit4Provider.java:104)
	at sun.reflect.NativeMethodAccessorImpl.invoke0(Native Method)
	at sun.reflect.NativeMethodAccessorImpl.invoke(Unknown Source)
	at sun.reflect.DelegatingMethodAccessorImpl.invoke(Unknown Source)
	at java.lang.reflect.Method.invoke(Unknown Source)
	at org.apache.maven.surefire.util.ReflectionUtils.invokeMethodWithArray(ReflectionUtils.java:164)
	at org.apache.maven.surefire.booter.ProviderFactory$ProviderProxy.invoke(ProviderFactory.java:110)
	at org.apache.maven.surefire.booter.SurefireStarter.invokeProvider(SurefireStarter.java:175)
	at org.apache.maven.surefire.booter.SurefireStarter.runSuitesInProcessWhenForked(SurefireStarter.java:107)
	at org.apache.maven.surefire.booter.ForkedBooter.main(ForkedBooter.java:68)
Caused by: com.mysql.jdbc.exceptions.jdbc4.MySQLSyntaxErrorException: Table &apos;spring.person&apos; doesn&apos;t exist
	at sun.reflect.NativeConstructorAccessorImpl.newInstance0(Native Method)
	at sun.reflect.NativeConstructorAccessorImpl.newInstance(Unknown Source)
	at sun.reflect.DelegatingConstructorAccessorImpl.newInstance(Unknown Source)
	at java.lang.reflect.Constructor.newInstance(Unknown Source)
	at com.mysql.jdbc.Util.handleNewInstance(Util.java:411)
	at com.mysql.jdbc.Util.getInstance(Util.java:386)
	at com.mysql.jdbc.SQLError.createSQLException(SQLError.java:1053)
	at com.mysql.jdbc.MysqlIO.checkErrorPacket(MysqlIO.java:4096)
	at com.mysql.jdbc.MysqlIO.checkErrorPacket(MysqlIO.java:4028)
	at com.mysql.jdbc.MysqlIO.sendCommand(MysqlIO.java:2490)
	at com.mysql.jdbc.MysqlIO.sqlQueryDirect(MysqlIO.java:2651)
	at com.mysql.jdbc.ConnectionImpl.execSQL(ConnectionImpl.java:2734)
	at com.mysql.jdbc.PreparedStatement.executeInternal(PreparedStatement.java:2155)
	at com.mysql.jdbc.PreparedStatement.executeQuery(PreparedStatement.java:2322)
	at org.eclipse.persistence.internal.databaseaccess.DatabaseAccessor.executeSelect(DatabaseAccessor.java:891)
	at org.eclipse.persistence.internal.databaseaccess.DatabaseAccessor.basicExecuteCall(DatabaseAccessor.java:601)
	... 50 more
</error>
    <system-out>[EL Fine]: 2013-01-01 21:47:51.602--ServerSession(1481799259)--Connection(1244336576)--Thread(Thread[main,5,main])--SELECT ID, FAMILYID, LASTNAME, NONSENSEFIELD, FIRSTNAME, familyid FROM PERSON
[EL Fine]: 2013-01-01 21:47:51.607--ServerSession(1481799259)--Thread(Thread[main,5,main])--SELECT 1
[EL Warning]: 2013-01-01 21:47:51.608--UnitOfWork(898751835)--Thread(Thread[main,5,main])--Exception [EclipseLink-4002] (Eclipse Persistence Services - 2.0.0.v20091127-r5931): org.eclipse.persistence.exceptions.DatabaseException
Internal Exception: com.mysql.jdbc.exceptions.jdbc4.MySQLSyntaxErrorException: Table &apos;spring.person&apos; doesn&apos;t exist
Error Code: 1146
Call: SELECT ID, FAMILYID, LASTNAME, NONSENSEFIELD, FIRSTNAME, familyid FROM PERSON
Query: ReadAllQuery(referenceClass=Person sql=&quot;SELECT ID, FAMILYID, LASTNAME, NONSENSEFIELD, FIRSTNAME, familyid FROM PERSON&quot;)
</system-out>
  </testcase>
</testsuite>