<?xml version="1.0" encoding="UTF-8" ?>
<testsuite failures="0" time="2.626" errors="2" skipped="0" tests="2" name="com.service.test.JpaTest">
  <properties>
[...]
</properties>
  <testcase time="2.605" classname="com.service.test.JpaTest" name="checkAvailablePeople">
    <error message="java.lang.IllegalStateException: During synchronization a new object was found through a relationship that was not marked cascade PERSIST: Company [cId=0, Name=UNOapp]." type="javax.persistence.RollbackException">javax.persistence.RollbackException: java.lang.IllegalStateException: During synchronization a new object was found through a relationship that was not marked cascade PERSIST: Company [cId=0, Name=UNOapp].
	at org.eclipse.persistence.internal.jpa.transaction.EntityTransactionImpl.commitInternal(EntityTransactionImpl.java:102)
	at org.eclipse.persistence.internal.jpa.transaction.EntityTransactionImpl.commit(EntityTransactionImpl.java:63)
	at com.service.test.JpaTest.setUp(JpaTest.java:60)
	at sun.reflect.NativeMethodAccessorImpl.invoke0(Native Method)
	at sun.reflect.NativeMethodAccessorImpl.invoke(NativeMethodAccessorImpl.java:39)
	at sun.reflect.DelegatingMethodAccessorImpl.invoke(DelegatingMethodAccessorImpl.java:25)
	at java.lang.reflect.Method.invoke(Method.java:597)
	at org.junit.runners.model.FrameworkMethod$1.runReflectiveCall(FrameworkMethod.java:47)
	at org.junit.internal.runners.model.ReflectiveCallable.run(ReflectiveCallable.java:12)
	at org.junit.runners.model.FrameworkMethod.invokeExplosively(FrameworkMethod.java:44)
	at org.junit.internal.runners.statements.RunBefores.evaluate(RunBefores.java:24)
	at org.junit.runners.ParentRunner.runLeaf(ParentRunner.java:271)
	at org.junit.runners.BlockJUnit4ClassRunner.runChild(BlockJUnit4ClassRunner.java:70)
	at org.junit.runners.BlockJUnit4ClassRunner.runChild(BlockJUnit4ClassRunner.java:50)
	at org.junit.runners.ParentRunner$3.run(ParentRunner.java:238)
	at org.junit.runners.ParentRunner$1.schedule(ParentRunner.java:63)
	at org.junit.runners.ParentRunner.runChildren(ParentRunner.java:236)
	at org.junit.runners.ParentRunner.access$000(ParentRunner.java:53)
	at org.junit.runners.ParentRunner$2.evaluate(ParentRunner.java:229)
	at org.junit.runners.ParentRunner.run(ParentRunner.java:309)
	at org.apache.maven.surefire.junit4.JUnit4TestSet.execute(JUnit4TestSet.java:53)
	at org.apache.maven.surefire.junit4.JUnit4Provider.executeTestSet(JUnit4Provider.java:123)
	at org.apache.maven.surefire.junit4.JUnit4Provider.invoke(JUnit4Provider.java:104)
	at sun.reflect.NativeMethodAccessorImpl.invoke0(Native Method)
	at sun.reflect.NativeMethodAccessorImpl.invoke(NativeMethodAccessorImpl.java:39)
	at sun.reflect.DelegatingMethodAccessorImpl.invoke(DelegatingMethodAccessorImpl.java:25)
	at java.lang.reflect.Method.invoke(Method.java:597)
	at org.apache.maven.surefire.util.ReflectionUtils.invokeMethodWithArray(ReflectionUtils.java:164)
	at org.apache.maven.surefire.booter.ProviderFactory$ProviderProxy.invoke(ProviderFactory.java:110)
	at org.apache.maven.surefire.booter.SurefireStarter.invokeProvider(SurefireStarter.java:175)
	at org.apache.maven.surefire.booter.SurefireStarter.runSuitesInProcessWhenForked(SurefireStarter.java:107)
	at org.apache.maven.surefire.booter.ForkedBooter.main(ForkedBooter.java:68)
Caused by: java.lang.IllegalStateException: During synchronization a new object was found through a relationship that was not marked cascade PERSIST: Company [cId=0, Name=UNOapp].
	at org.eclipse.persistence.internal.sessions.UnitOfWorkImpl.discoverAndPersistUnregisteredNewObjects(UnitOfWorkImpl.java:4123)
	at org.eclipse.persistence.mappings.ObjectReferenceMapping.cascadeDiscoverAndPersistUnregisteredNewObjects(ObjectReferenceMapping.java:801)
	at org.eclipse.persistence.mappings.ObjectReferenceMapping.cascadeDiscoverAndPersistUnregisteredNewObjects(ObjectReferenceMapping.java:779)
	at org.eclipse.persistence.internal.descriptors.ObjectBuilder.cascadeDiscoverAndPersistUnregisteredNewObjects(ObjectBuilder.java:1531)
	at org.eclipse.persistence.internal.sessions.UnitOfWorkImpl.discoverAndPersistUnregisteredNewObjects(UnitOfWorkImpl.java:4126)
	at org.eclipse.persistence.internal.sessions.RepeatableWriteUnitOfWork.discoverUnregisteredNewObjects(RepeatableWriteUnitOfWork.java:225)
	at org.eclipse.persistence.internal.sessions.UnitOfWorkImpl.calculateChanges(UnitOfWorkImpl.java:692)
	at org.eclipse.persistence.internal.sessions.UnitOfWorkImpl.commitToDatabaseWithChangeSet(UnitOfWorkImpl.java:1495)
	at org.eclipse.persistence.internal.sessions.RepeatableWriteUnitOfWork.commitRootUnitOfWork(RepeatableWriteUnitOfWork.java:200)
	at org.eclipse.persistence.internal.sessions.UnitOfWorkImpl.commitAndResume(UnitOfWorkImpl.java:1131)
	at org.eclipse.persistence.internal.jpa.transaction.EntityTransactionImpl.commitInternal(EntityTransactionImpl.java:84)
	... 31 more
</error>
    <system-out>[EL Config]: 2013-01-14 15:48:32.099--ServerSession(1763576851)--Thread(Thread[main,5,main])--The access type for the persistent class [class com.service.domain.Company] is set to [FIELD].
[EL Config]: 2013-01-14 15:48:32.162--ServerSession(1763576851)--Thread(Thread[main,5,main])--The target entity (reference) class for the one to many mapping element [field employees] is being defaulted to: class com.service.domain.Employee.
[EL Config]: 2013-01-14 15:48:32.165--ServerSession(1763576851)--Thread(Thread[main,5,main])--The access type for the persistent class [class com.service.domain.Employee] is set to [FIELD].
[EL Config]: 2013-01-14 15:48:32.173--ServerSession(1763576851)--Thread(Thread[main,5,main])--The target entity (reference) class for the many to one mapping element [field company] is being defaulted to: class com.service.domain.Company.
[EL Config]: 2013-01-14 15:48:32.174--ServerSession(1763576851)--Thread(Thread[main,5,main])--The alias name for the entity class [class com.service.domain.Company] is being defaulted to: Company.
[EL Config]: 2013-01-14 15:48:32.179--ServerSession(1763576851)--Thread(Thread[main,5,main])--The table name for entity [class com.service.domain.Company] is being defaulted to: COMPANY.
[EL Config]: 2013-01-14 15:48:32.207--ServerSession(1763576851)--Thread(Thread[main,5,main])--The column name for element [field Name] is being defaulted to: NAME.
[EL Config]: 2013-01-14 15:48:32.21--ServerSession(1763576851)--Thread(Thread[main,5,main])--The column name for element [field cId] is being defaulted to: CID.
[EL Config]: 2013-01-14 15:48:32.211--ServerSession(1763576851)--Thread(Thread[main,5,main])--The alias name for the entity class [class com.service.domain.Employee] is being defaulted to: Employee.
[EL Config]: 2013-01-14 15:48:32.211--ServerSession(1763576851)--Thread(Thread[main,5,main])--The table name for entity [class com.service.domain.Employee] is being defaulted to: EMPLOYEE.
[EL Config]: 2013-01-14 15:48:32.212--ServerSession(1763576851)--Thread(Thread[main,5,main])--The column name for element [field surname] is being defaulted to: SURNAME.
[EL Config]: 2013-01-14 15:48:32.212--ServerSession(1763576851)--Thread(Thread[main,5,main])--The column name for element [field Id] is being defaulted to: ID.
[EL Config]: 2013-01-14 15:48:32.213--ServerSession(1763576851)--Thread(Thread[main,5,main])--The column name for element [field salary] is being defaulted to: SALARY.
[EL Config]: 2013-01-14 15:48:32.213--ServerSession(1763576851)--Thread(Thread[main,5,main])--The column name for element [field firstName] is being defaulted to: FIRSTNAME.
[EL Info]: 2013-01-14 15:48:32.628--ServerSession(1763576851)--Thread(Thread[main,5,main])--EclipseLink, version: Eclipse Persistence Services - 2.0.0.v20091127-r5931
[EL Fine]: 2013-01-14 15:48:32.952--Thread(Thread[main,5,main])--Detected Vendor platform: org.eclipse.persistence.platform.database.MySQLPlatform
[EL Config]: 2013-01-14 15:48:32.974--ServerSession(1763576851)--Connection(1014593217)--Thread(Thread[main,5,main])--connecting(DatabaseLogin(
	platform=&gt;MySQLPlatform
	user name=&gt; &quot;root&quot;
	datasource URL=&gt; &quot;jdbc:mysql://127.0.0.1:3306/spring&quot;
))
[EL Config]: 2013-01-14 15:48:32.995--ServerSession(1763576851)--Connection(428746269)--Thread(Thread[main,5,main])--Connected: jdbc:mysql://127.0.0.1:3306/spring
	User: root@localhost
	Database: MySQL  Version: 5.5.17
	Driver: MySQL-AB JDBC Driver  Version: mysql-connector-java-5.1.22 ( Revision: ${bzr.revision-id} )
[EL Config]: 2013-01-14 15:48:32.995--ServerSession(1763576851)--Connection(1130907398)--Thread(Thread[main,5,main])--connecting(DatabaseLogin(
	platform=&gt;MySQLPlatform
	user name=&gt; &quot;root&quot;
	datasource URL=&gt; &quot;jdbc:mysql://127.0.0.1:3306/spring&quot;
))
[EL Config]: 2013-01-14 15:48:33.045--ServerSession(1763576851)--Connection(1708183844)--Thread(Thread[main,5,main])--Connected: jdbc:mysql://127.0.0.1:3306/spring
	User: root@localhost
	Database: MySQL  Version: 5.5.17
	Driver: MySQL-AB JDBC Driver  Version: mysql-connector-java-5.1.22 ( Revision: ${bzr.revision-id} )
[EL Info]: 2013-01-14 15:48:33.288--ServerSession(1763576851)--Thread(Thread[main,5,main])--file:/Users/it/git/j2eejpa/j2eeJPA/target/classes/_j2eeJPA login successful
[EL Fine]: 2013-01-14 15:48:33.332--ServerSession(1763576851)--Connection(1708183844)--Thread(Thread[main,5,main])--CREATE TABLE COMPANY (CID INTEGER NOT NULL, NAME VARCHAR(255), PRIMARY KEY (CID))
[EL Fine]: 2013-01-14 15:48:33.479--ServerSession(1763576851)--Thread(Thread[main,5,main])--SELECT 1
[EL Warning]: 2013-01-14 15:48:33.515--ServerSession(1763576851)--Thread(Thread[main,5,main])--Exception [EclipseLink-4002] (Eclipse Persistence Services - 2.0.0.v20091127-r5931): org.eclipse.persistence.exceptions.DatabaseException
Internal Exception: com.mysql.jdbc.exceptions.jdbc4.MySQLSyntaxErrorException: Table &apos;company&apos; already exists
Error Code: 1050
Call: CREATE TABLE COMPANY (CID INTEGER NOT NULL, NAME VARCHAR(255), PRIMARY KEY (CID))
Query: DataModifyQuery(sql=&quot;CREATE TABLE COMPANY (CID INTEGER NOT NULL, NAME VARCHAR(255), PRIMARY KEY (CID))&quot;)
[EL Fine]: 2013-01-14 15:48:33.541--ServerSession(1763576851)--Connection(1708183844)--Thread(Thread[main,5,main])--CREATE TABLE EMPLOYEE (ID INTEGER NOT NULL, SURNAME VARCHAR(255), SALARY INTEGER, FIRSTNAME VARCHAR(255), CID_FK INTEGER NOT NULL, PRIMARY KEY (ID))
[EL Fine]: 2013-01-14 15:48:33.543--ServerSession(1763576851)--Thread(Thread[main,5,main])--SELECT 1
[EL Warning]: 2013-01-14 15:48:33.544--ServerSession(1763576851)--Thread(Thread[main,5,main])--Exception [EclipseLink-4002] (Eclipse Persistence Services - 2.0.0.v20091127-r5931): org.eclipse.persistence.exceptions.DatabaseException
Internal Exception: com.mysql.jdbc.exceptions.jdbc4.MySQLSyntaxErrorException: Table &apos;employee&apos; already exists
Error Code: 1050
Call: CREATE TABLE EMPLOYEE (ID INTEGER NOT NULL, SURNAME VARCHAR(255), SALARY INTEGER, FIRSTNAME VARCHAR(255), CID_FK INTEGER NOT NULL, PRIMARY KEY (ID))
Query: DataModifyQuery(sql=&quot;CREATE TABLE EMPLOYEE (ID INTEGER NOT NULL, SURNAME VARCHAR(255), SALARY INTEGER, FIRSTNAME VARCHAR(255), CID_FK INTEGER NOT NULL, PRIMARY KEY (ID))&quot;)
[EL Fine]: 2013-01-14 15:48:33.545--ServerSession(1763576851)--Connection(1708183844)--Thread(Thread[main,5,main])--ALTER TABLE EMPLOYEE ADD CONSTRAINT FK_EMPLOYEE_CID_FK FOREIGN KEY (CID_FK) REFERENCES COMPANY (CID)
[EL Fine]: 2013-01-14 15:48:33.697--ServerSession(1763576851)--Thread(Thread[main,5,main])--SELECT 1
[EL Warning]: 2013-01-14 15:48:33.731--ServerSession(1763576851)--Thread(Thread[main,5,main])--Exception [EclipseLink-4002] (Eclipse Persistence Services - 2.0.0.v20091127-r5931): org.eclipse.persistence.exceptions.DatabaseException
Internal Exception: java.sql.SQLException: Can&apos;t create table &apos;spring.#sql-cc_94c&apos; (errno: 121)
Error Code: 1005
Call: ALTER TABLE EMPLOYEE ADD CONSTRAINT FK_EMPLOYEE_CID_FK FOREIGN KEY (CID_FK) REFERENCES COMPANY (CID)
Query: DataModifyQuery(sql=&quot;ALTER TABLE EMPLOYEE ADD CONSTRAINT FK_EMPLOYEE_CID_FK FOREIGN KEY (CID_FK) REFERENCES COMPANY (CID)&quot;)
[EL Fine]: 2013-01-14 15:48:33.732--ServerSession(1763576851)--Connection(1708183844)--Thread(Thread[main,5,main])--CREATE TABLE SEQUENCE (SEQ_NAME VARCHAR(50) NOT NULL, SEQ_COUNT DECIMAL(38), PRIMARY KEY (SEQ_NAME))
[EL Fine]: 2013-01-14 15:48:33.739--ServerSession(1763576851)--Thread(Thread[main,5,main])--SELECT 1
[EL Warning]: 2013-01-14 15:48:33.74--ServerSession(1763576851)--Thread(Thread[main,5,main])--Exception [EclipseLink-4002] (Eclipse Persistence Services - 2.0.0.v20091127-r5931): org.eclipse.persistence.exceptions.DatabaseException
Internal Exception: com.mysql.jdbc.exceptions.jdbc4.MySQLSyntaxErrorException: Table &apos;sequence&apos; already exists
Error Code: 1050
Call: CREATE TABLE SEQUENCE (SEQ_NAME VARCHAR(50) NOT NULL, SEQ_COUNT DECIMAL(38), PRIMARY KEY (SEQ_NAME))
Query: DataModifyQuery(sql=&quot;CREATE TABLE SEQUENCE (SEQ_NAME VARCHAR(50) NOT NULL, SEQ_COUNT DECIMAL(38), PRIMARY KEY (SEQ_NAME))&quot;)
[EL Fine]: 2013-01-14 15:48:33.741--ServerSession(1763576851)--Connection(1708183844)--Thread(Thread[main,5,main])--SELECT * FROM SEQUENCE WHERE SEQ_NAME = SEQ_GEN
[EL Fine]: 2013-01-14 15:48:34.204--ServerSession(1763576851)--Connection(1708183844)--Thread(Thread[main,5,main])--SELECT ID, SURNAME, SALARY, FIRSTNAME, CID_FK FROM EMPLOYEE
[EL Fine]: 2013-01-14 15:48:34.208--ServerSession(1763576851)--Connection(1708183844)--Thread(Thread[main,5,main])--SELECT ID, SURNAME, SALARY, FIRSTNAME, CID_FK FROM EMPLOYEE
[EL Fine]: 2013-01-14 15:48:34.212--ClientSession(1862524560)--Connection(1708183844)--Thread(Thread[main,5,main])--UPDATE SEQUENCE SET SEQ_COUNT = SEQ_COUNT + ? WHERE SEQ_NAME = ?
	bind =&gt; [50, SEQ_GEN]
[EL Fine]: 2013-01-14 15:48:34.214--ClientSession(1862524560)--Connection(1708183844)--Thread(Thread[main,5,main])--SELECT SEQ_COUNT FROM SEQUENCE WHERE SEQ_NAME = ?
	bind =&gt; [SEQ_GEN]
[EL Warning]: 2013-01-14 15:48:34.233--UnitOfWork(1833350875)--Thread(Thread[main,5,main])--java.lang.IllegalStateException: During synchronization a new object was found through a relationship that was not marked cascade PERSIST: Company [cId=0, Name=UNOapp].
</system-out>
  </testcase>
  <testcase time="0.021" classname="com.service.test.JpaTest" name="ListAllEmployees">
    <error message="java.lang.IllegalStateException: During synchronization a new object was found through a relationship that was not marked cascade PERSIST: Company [cId=0, Name=UNOapp]." type="javax.persistence.RollbackException">javax.persistence.RollbackException: java.lang.IllegalStateException: During synchronization a new object was found through a relationship that was not marked cascade PERSIST: Company [cId=0, Name=UNOapp].
	at org.eclipse.persistence.internal.jpa.transaction.EntityTransactionImpl.commitInternal(EntityTransactionImpl.java:102)
	at org.eclipse.persistence.internal.jpa.transaction.EntityTransactionImpl.commit(EntityTransactionImpl.java:63)
	at com.service.test.JpaTest.setUp(JpaTest.java:60)
	at sun.reflect.NativeMethodAccessorImpl.invoke0(Native Method)
	at sun.reflect.NativeMethodAccessorImpl.invoke(NativeMethodAccessorImpl.java:39)
	at sun.reflect.DelegatingMethodAccessorImpl.invoke(DelegatingMethodAccessorImpl.java:25)
	at java.lang.reflect.Method.invoke(Method.java:597)
	at org.junit.runners.model.FrameworkMethod$1.runReflectiveCall(FrameworkMethod.java:47)
	at org.junit.internal.runners.model.ReflectiveCallable.run(ReflectiveCallable.java:12)
	at org.junit.runners.model.FrameworkMethod.invokeExplosively(FrameworkMethod.java:44)
	at org.junit.internal.runners.statements.RunBefores.evaluate(RunBefores.java:24)
	at org.junit.runners.ParentRunner.runLeaf(ParentRunner.java:271)
	at org.junit.runners.BlockJUnit4ClassRunner.runChild(BlockJUnit4ClassRunner.java:70)
	at org.junit.runners.BlockJUnit4ClassRunner.runChild(BlockJUnit4ClassRunner.java:50)
	at org.junit.runners.ParentRunner$3.run(ParentRunner.java:238)
	at org.junit.runners.ParentRunner$1.schedule(ParentRunner.java:63)
	at org.junit.runners.ParentRunner.runChildren(ParentRunner.java:236)
	at org.junit.runners.ParentRunner.access$000(ParentRunner.java:53)
	at org.junit.runners.ParentRunner$2.evaluate(ParentRunner.java:229)
	at org.junit.runners.ParentRunner.run(ParentRunner.java:309)
	at org.apache.maven.surefire.junit4.JUnit4TestSet.execute(JUnit4TestSet.java:53)
	at org.apache.maven.surefire.junit4.JUnit4Provider.executeTestSet(JUnit4Provider.java:123)
	at org.apache.maven.surefire.junit4.JUnit4Provider.invoke(JUnit4Provider.java:104)
	at sun.reflect.NativeMethodAccessorImpl.invoke0(Native Method)
	at sun.reflect.NativeMethodAccessorImpl.invoke(NativeMethodAccessorImpl.java:39)
	at sun.reflect.DelegatingMethodAccessorImpl.invoke(DelegatingMethodAccessorImpl.java:25)
	at java.lang.reflect.Method.invoke(Method.java:597)
	at org.apache.maven.surefire.util.ReflectionUtils.invokeMethodWithArray(ReflectionUtils.java:164)
	at org.apache.maven.surefire.booter.ProviderFactory$ProviderProxy.invoke(ProviderFactory.java:110)
	at org.apache.maven.surefire.booter.SurefireStarter.invokeProvider(SurefireStarter.java:175)
	at org.apache.maven.surefire.booter.SurefireStarter.runSuitesInProcessWhenForked(SurefireStarter.java:107)
	at org.apache.maven.surefire.booter.ForkedBooter.main(ForkedBooter.java:68)
Caused by: java.lang.IllegalStateException: During synchronization a new object was found through a relationship that was not marked cascade PERSIST: Company [cId=0, Name=UNOapp].
	at org.eclipse.persistence.internal.sessions.UnitOfWorkImpl.discoverAndPersistUnregisteredNewObjects(UnitOfWorkImpl.java:4123)
	at org.eclipse.persistence.mappings.ObjectReferenceMapping.cascadeDiscoverAndPersistUnregisteredNewObjects(ObjectReferenceMapping.java:801)
	at org.eclipse.persistence.mappings.ObjectReferenceMapping.cascadeDiscoverAndPersistUnregisteredNewObjects(ObjectReferenceMapping.java:779)
	at org.eclipse.persistence.internal.descriptors.ObjectBuilder.cascadeDiscoverAndPersistUnregisteredNewObjects(ObjectBuilder.java:1531)
	at org.eclipse.persistence.internal.sessions.UnitOfWorkImpl.discoverAndPersistUnregisteredNewObjects(UnitOfWorkImpl.java:4126)
	at org.eclipse.persistence.internal.sessions.RepeatableWriteUnitOfWork.discoverUnregisteredNewObjects(RepeatableWriteUnitOfWork.java:225)
	at org.eclipse.persistence.internal.sessions.UnitOfWorkImpl.calculateChanges(UnitOfWorkImpl.java:692)
	at org.eclipse.persistence.internal.sessions.UnitOfWorkImpl.commitToDatabaseWithChangeSet(UnitOfWorkImpl.java:1495)
	at org.eclipse.persistence.internal.sessions.RepeatableWriteUnitOfWork.commitRootUnitOfWork(RepeatableWriteUnitOfWork.java:200)
	at org.eclipse.persistence.internal.sessions.UnitOfWorkImpl.commitAndResume(UnitOfWorkImpl.java:1131)
	at org.eclipse.persistence.internal.jpa.transaction.EntityTransactionImpl.commitInternal(EntityTransactionImpl.java:84)
	... 31 more
</error>
    <system-out>[EL Fine]: 2013-01-14 15:48:34.245--ServerSession(1763576851)--Connection(1708183844)--Thread(Thread[main,5,main])--SELECT ID, SURNAME, SALARY, FIRSTNAME, CID_FK FROM EMPLOYEE
[EL Fine]: 2013-01-14 15:48:34.247--ServerSession(1763576851)--Connection(1708183844)--Thread(Thread[main,5,main])--SELECT ID, SURNAME, SALARY, FIRSTNAME, CID_FK FROM EMPLOYEE
[EL Fine]: 2013-01-14 15:48:34.249--ClientSession(1377851222)--Connection(1708183844)--Thread(Thread[main,5,main])--UPDATE SEQUENCE SET SEQ_COUNT = SEQ_COUNT + ? WHERE SEQ_NAME = ?
	bind =&gt; [50, SEQ_GEN]
[EL Fine]: 2013-01-14 15:48:34.254--ClientSession(1377851222)--Connection(1708183844)--Thread(Thread[main,5,main])--SELECT SEQ_COUNT FROM SEQUENCE WHERE SEQ_NAME = ?
	bind =&gt; [SEQ_GEN]
[EL Warning]: 2013-01-14 15:48:34.26--UnitOfWork(346613126)--Thread(Thread[main,5,main])--java.lang.IllegalStateException: During synchronization a new object was found through a relationship that was not marked cascade PERSIST: Company [cId=0, Name=UNOapp].
</system-out>
  </testcase>
</testsuite>